
7/29/2009 11:31:32 AM , THREAD-2584, SMS sent - returnd: OK : ODBCWrapper.DataSetSelectQuery: Incorrect syntax near '.'.
Incorrect syntax near ')'.
7/29/2009 12:19:06 PM , THREAD-4500, SMS sent - returnd: OK : ODBCWrapper.DataSetSelectQuery: Incorrect syntax near the keyword 'from'.
Incorrect syntax near ')'.
7/29/2009 12:42:32 PM , THREAD-7740, SMS sent - returnd: OK : ODBCWrapper.DataSetSelectQuery: Incorrect syntax near the keyword 'from'.
Incorrect syntax near ')'.
7/29/2009 1:45:02 PM , THREAD-7956, SMS sent - returnd: OK : ODBCWrapper.DataSetSelectQuery: Incorrect syntax near the keyword 'asc'.
Incorrect syntax near ')'.
7/29/2009 2:12:34 PM , THREAD-5632, SMS sent - returnd: OK : ODBCWrapper.DataSetSelectQuery: Incorrect syntax near the keyword 'from'.
Incorrect syntax near ')'.
7/29/2009 2:17:16 PM , THREAD-5632, SMS sent - returnd: OK : ODBCWrapper.DataSetSelectQuery: Incorrect syntax near the keyword 'from'.
Incorrect syntax near ')'.
7/29/2009 2:32:15 PM , THREAD-6332, SMS sent - returnd: OK : ODBCWrapper.DataSetSelectQuery: Incorrect syntax near '.'.
Incorrect syntax near ')'.
7/29/2009 2:48:09 PM , THREAD-6332, SMS sent - returnd: OK : ODBCWrapper.DataSetSelectQuery: Incorrect syntax near the keyword 'from'.
7/29/2009 3:01:03 PM , THREAD-6332, SMS sent - returnd: OK : ODBCWrapper.DataSetSelectQuery: Incorrect syntax near '.'.
Incorrect syntax near ')'.
7/29/2009 3:08:33 PM , THREAD-6332, SMS sent - returnd: OK : ODBCWrapper.DataSetSelectQuery: Incorrect syntax near '.'.
Incorrect syntax near ')'.
7/29/2009 3:11:19 PM , THREAD-6332, SMS sent - returnd: OK : ODBCWrapper.DataSetSelectQuery: Incorrect syntax near the keyword 'from'.
Incorrect syntax near ')'.
7/29/2009 3:20:10 PM , THREAD-4500, SMS sent - returnd: OK : ODBCWrapper.DataSetSelectQuery: Incorrect syntax near the keyword 'from'.
Incorrect syntax near ')'.
7/29/2009 3:22:21 PM , THREAD-4500, SMS sent - returnd: OK : ODBCWrapper.DataSetSelectQuery: Incorrect syntax near the keyword 'from'.
Incorrect syntax near ')'.