
7/29/2009 11:04:35 AM , THREAD-4500, connection_string : Server=msd169.1host.co.il;Database=tvinci;Uid=production;Pwd=lF6CZU9HIOIAGuzj;Trusted_Connection=False;Min Pool Size=5;Max Pool Size=200
7/29/2009 11:17:58 AM , THREAD-2584, connection_string : Server=msd169.1host.co.il;Database=tvinci;Uid=production;Pwd=lF6CZU9HIOIAGuzj;Trusted_Connection=False;Min Pool Size=5;Max Pool Size=200
7/29/2009 11:31:27 AM , THREAD-2584, connection_string : Server=msd169.1host.co.il;Database=tvinci;Uid=production;Pwd=lF6CZU9HIOIAGuzj;Trusted_Connection=False;Min Pool Size=5;Max Pool Size=200
7/29/2009 11:31:30 AM , THREAD-2584, ODBCWrapper.DataSetSelectQuery : While running : ' select distinct    top 20  m.id  m.name asc  from media m (nolock)  ,media_tags mt (nolock)  where m.start_date<getdate() and (m.end_date is null or m.end_date>getdate()) and m.status=1 and m.is_active=1 and ( m.group_id=@P0 )  and mt.status=1 and  mt.tag_id in (34568)   and mt.MEDIA_ID=m.id   and ( m.id in (select media_id from media_values (nolock) where status=1 and MEDIA_TEXT_TYPE_ID=5 and MEDIA_TEXT_TYPE_NUM=1 and value='כוכב נולד' )  )  and ( m.MEDIA_TYPE_ID=@P1 )  order by m.name asc(77,117)'
 Exception accured: Incorrect syntax near '.'.
Incorrect syntax near ')'.
7/29/2009 12:18:44 PM , THREAD-4500, connection_string : Server=msd169.1host.co.il;Database=tvinci;Uid=production;Pwd=lF6CZU9HIOIAGuzj;Trusted_Connection=False;Min Pool Size=5;Max Pool Size=200
7/29/2009 12:18:55 PM , THREAD-4500, ODBCWrapper.DataSetSelectQuery : While running : ' select distinct    top 20  m.id  ,  from media m (nolock)  ,media_tags mt (nolock)  where m.start_date<getdate() and (m.end_date is null or m.end_date>getdate()) and m.status=1 and m.is_active=1 and ( m.group_id=@P0 )  and mt.status=1 and  mt.tag_id in (34568)   and mt.MEDIA_ID=m.id   and ( m.id in (select media_id from media_values (nolock) where status=1 and MEDIA_TEXT_TYPE_ID=5 and MEDIA_TEXT_TYPE_NUM=1 and value='כוכב נולד' )  )  and ( m.MEDIA_TYPE_ID=@P1 ) (77,117)'
 Exception accured: Incorrect syntax near the keyword 'from'.
Incorrect syntax near ')'.
7/29/2009 12:42:27 PM , THREAD-7740, connection_string : Server=msd169.1host.co.il;Database=tvinci;Uid=production;Pwd=lF6CZU9HIOIAGuzj;Trusted_Connection=False;Min Pool Size=5;Max Pool Size=200
7/29/2009 12:42:30 PM , THREAD-7740, ODBCWrapper.DataSetSelectQuery : While running : ' select distinct    top 20  m.id  ,  from media m (nolock)  ,media_tags mt (nolock)  where m.start_date<getdate() and (m.end_date is null or m.end_date>getdate()) and m.status=1 and m.is_active=1 and ( m.group_id=@P0 )  and mt.status=1 and  mt.tag_id in (34568)   and mt.MEDIA_ID=m.id   and ( m.id in (select media_id from media_values (nolock) where status=1 and MEDIA_TEXT_TYPE_ID=5 and MEDIA_TEXT_TYPE_NUM=1 and value='כוכב נולד' )  )  and ( m.MEDIA_TYPE_ID=@P1 ) (77,117)'
 Exception accured: Incorrect syntax near the keyword 'from'.
Incorrect syntax near ')'.
7/29/2009 12:51:13 PM , THREAD-2116, ODBCWrapper.DirectQuery : While running : 'SET LOCK_TIMEOUT 2000()'
 Exception accured: A transport-level error has occurred when sending the request to the server. (provider: TCP Provider, error: 0 - An existing connection was forcibly closed by the remote host.)
7/29/2009 1:35:03 PM , THREAD-4500, ODBCWrapper.DirectQuery : While running : 'SET LOCK_TIMEOUT 2000()'
 Exception accured: A transport-level error has occurred when sending the request to the server. (provider: TCP Provider, error: 0 - An existing connection was forcibly closed by the remote host.)
7/29/2009 1:45:01 PM , THREAD-7956, ODBCWrapper.DataSetSelectQuery : While running : ' select distinct  m.id  ,m.name asc  from media m (nolock)  ,media_tags mt (nolock)  where m.start_date<getdate() and (m.end_date is null or m.end_date>getdate()) and m.status=1 and m.is_active=1 and ( m.group_id=@P0 )  and mt.status=1 and  mt.tag_id in (34568)   and mt.MEDIA_ID=m.id   and ( m.id in (select media_id from media_values (nolock) where status=1 and MEDIA_TEXT_TYPE_ID=5 and MEDIA_TEXT_TYPE_NUM=1 and value='כוכב נולד' )  )  and ( m.MEDIA_TYPE_ID=@P1 )  order by m.name asc(77,117)'
 Exception accured: Incorrect syntax near the keyword 'asc'.
Incorrect syntax near ')'.
7/29/2009 1:51:37 PM , THREAD-4500, connection_string : Server=msd169.1host.co.il;Database=tvinci;Uid=production;Pwd=lF6CZU9HIOIAGuzj;Trusted_Connection=False;Min Pool Size=5;Max Pool Size=200
7/29/2009 2:12:32 PM , THREAD-5632, connection_string : Server=msd169.1host.co.il;Database=tvinci;Uid=production;Pwd=lF6CZU9HIOIAGuzj;Trusted_Connection=False;Min Pool Size=5;Max Pool Size=200
7/29/2009 2:12:33 PM , THREAD-5632, ODBCWrapper.DataSetSelectQuery : While running : ' select distinct  m.id  ,m.   from media m (nolock)  ,media_tags mt (nolock)  where m.start_date<getdate() and (m.end_date is null or m.end_date>getdate()) and m.status=1 and m.is_active=1 and ( m.group_id=@P0 )  and mt.status=1 and  mt.tag_id in (34568)   and mt.MEDIA_ID=m.id   and ( m.id in (select media_id from media_values (nolock) where status=1 and MEDIA_TEXT_TYPE_ID=5 and MEDIA_TEXT_TYPE_NUM=1 and value='כוכב נולד' )  )  and ( m.MEDIA_TYPE_ID=@P1 )  order by m. (77,117)'
 Exception accured: Incorrect syntax near the keyword 'from'.
Incorrect syntax near ')'.
7/29/2009 2:17:15 PM , THREAD-5632, ODBCWrapper.DataSetSelectQuery : While running : ' select distinct  m.id  ,m.   from media m (nolock)  ,media_tags mt (nolock)  where m.start_date<getdate() and (m.end_date is null or m.end_date>getdate()) and m.status=1 and m.is_active=1 and ( m.group_id=@P0 )  and mt.status=1 and  mt.tag_id in (34568)   and mt.MEDIA_ID=m.id   and ( m.id in (select media_id from media_values (nolock) where status=1 and MEDIA_TEXT_TYPE_ID=5 and MEDIA_TEXT_TYPE_NUM=1 and value='כוכב נולד' )  )  and ( m.MEDIA_TYPE_ID=@P1 )  order by m. (77,117)'
 Exception accured: Incorrect syntax near the keyword 'from'.
Incorrect syntax near ')'.
7/29/2009 2:25:57 PM , THREAD-4500, connection_string : Server=msd169.1host.co.il;Database=tvinci;Uid=production;Pwd=lF6CZU9HIOIAGuzj;Trusted_Connection=False;Min Pool Size=5;Max Pool Size=200
7/29/2009 2:32:11 PM , THREAD-6332, connection_string : Server=msd169.1host.co.il;Database=tvinci;Uid=production;Pwd=lF6CZU9HIOIAGuzj;Trusted_Connection=False;Min Pool Size=5;Max Pool Size=200
7/29/2009 2:32:15 PM , THREAD-6332, ODBCWrapper.DataSetSelectQuery : While running : ' select distinct  m.id  ,m.META1_STR System.Xml.XmlAttribute  from media m (nolock)  ,media_tags mt (nolock)  where m.start_date<getdate() and (m.end_date is null or m.end_date>getdate()) and m.status=1 and m.is_active=1 and ( m.group_id=@P0 )  and mt.status=1 and  mt.tag_id in (34568)   and mt.MEDIA_ID=m.id   and ( m.id in (select media_id from media_values (nolock) where status=1 and MEDIA_TEXT_TYPE_ID=5 and MEDIA_TEXT_TYPE_NUM=1 and value='כוכב נולד' and m.group_id in (77,76,1))  )  and ( m.MEDIA_TYPE_ID=@P1 )  order by m.META1_STR System.Xml.XmlAttribute(77,117)'
 Exception accured: Incorrect syntax near '.'.
Incorrect syntax near ')'.
7/29/2009 2:48:08 PM , THREAD-6332, ODBCWrapper.DataSetSelectQuery : While running : ' select distinct  m.id  ,  from media m (nolock)   where m.start_date<getdate() and (m.end_date is null or m.end_date>getdate()) and m.status=1 and m.is_active=1 and ( m.group_id=@P0 )  (87)'
 Exception accured: Incorrect syntax near the keyword 'from'.
7/29/2009 2:50:25 PM , THREAD-6332, connection_string : Server=msd169.1host.co.il;Database=tvinci;Uid=production;Pwd=lF6CZU9HIOIAGuzj;Trusted_Connection=False;Min Pool Size=5;Max Pool Size=200
7/29/2009 3:01:02 PM , THREAD-6332, ODBCWrapper.DataSetSelectQuery : While running : ' select distinct  m.id  ,m.META1_STR System.Xml.XmlAttribute  from media m (nolock)  ,media_tags mt (nolock)  where m.start_date<getdate() and (m.end_date is null or m.end_date>getdate()) and m.status=1 and m.is_active=1 and ( m.group_id=@P0 )  and mt.status=1 and  mt.tag_id in (34568)   and mt.MEDIA_ID=m.id   and ( m.id in (select media_id from media_values (nolock) where status=1 and MEDIA_TEXT_TYPE_ID=5 and MEDIA_TEXT_TYPE_NUM=1 and value='כוכב נולד' and m.group_id in (77,76,1))  )  and ( m.MEDIA_TYPE_ID=@P1 )  order by m.META1_STR System.Xml.XmlAttribute(77,117)'
 Exception accured: Incorrect syntax near '.'.
Incorrect syntax near ')'.
7/29/2009 3:07:39 PM , THREAD-6332, connection_string : Server=msd169.1host.co.il;Database=tvinci;Uid=production;Pwd=lF6CZU9HIOIAGuzj;Trusted_Connection=False;Min Pool Size=5;Max Pool Size=200
7/29/2009 3:08:31 PM , THREAD-6332, ODBCWrapper.DataSetSelectQuery : While running : ' select distinct  m.id  ,m.META1_STR System.Xml.XmlAttribute  from media m (nolock)  ,media_tags mt (nolock)  where m.start_date<getdate() and (m.end_date is null or m.end_date>getdate()) and m.status=1 and m.is_active=1 and ( m.group_id=@P0 )  and mt.status=1 and  mt.tag_id in (34568)   and mt.MEDIA_ID=m.id   and ( m.id in (select media_id from media_values (nolock) where status=1 and MEDIA_TEXT_TYPE_ID=5 and MEDIA_TEXT_TYPE_NUM=1 and value='כוכב נולד' and m.group_id in (77,76,1))  )  and ( m.MEDIA_TYPE_ID=@P1 )  order by m.META1_STR System.Xml.XmlAttribute(77,117)'
 Exception accured: Incorrect syntax near '.'.
Incorrect syntax near ')'.
7/29/2009 3:10:07 PM , THREAD-4500, connection_string : Server=msd169.1host.co.il;Database=tvinci;Uid=production;Pwd=lF6CZU9HIOIAGuzj;Trusted_Connection=False;Min Pool Size=5;Max Pool Size=200
7/29/2009 3:11:17 PM , THREAD-6332, ODBCWrapper.DataSetSelectQuery : While running : ' select distinct  m.id  ,m.  from media m (nolock)  ,media_tags mt (nolock)  where m.start_date<getdate() and (m.end_date is null or m.end_date>getdate()) and m.status=1 and m.is_active=1 and ( m.group_id=@P0 )  and mt.status=1 and  mt.tag_id in (34568)   and mt.MEDIA_ID=m.id   and ( m.id in (select media_id from media_values (nolock) where status=1 and MEDIA_TEXT_TYPE_ID=5 and MEDIA_TEXT_TYPE_NUM=1 and value='כוכב נולד' and m.group_id in (77,76,1))  )  and ( m.MEDIA_TYPE_ID=@P1 )  order by m. desc(77,117)'
 Exception accured: Incorrect syntax near the keyword 'from'.
Incorrect syntax near ')'.
7/29/2009 3:20:08 PM , THREAD-4500, connection_string : Server=msd169.1host.co.il;Database=tvinci;Uid=production;Pwd=lF6CZU9HIOIAGuzj;Trusted_Connection=False;Min Pool Size=5;Max Pool Size=200
7/29/2009 3:20:09 PM , THREAD-4500, ODBCWrapper.DataSetSelectQuery : While running : ' select distinct  m.id  ,m.  from media m (nolock)  ,media_tags mt (nolock)  where m.start_date<getdate() and (m.end_date is null or m.end_date>getdate()) and m.status=1 and m.is_active=1 and ( m.group_id=@P0 )  and mt.status=1 and  mt.tag_id in (34568)   and mt.MEDIA_ID=m.id   and ( m.id in (select media_id from media_values (nolock) where status=1 and MEDIA_TEXT_TYPE_ID=5 and MEDIA_TEXT_TYPE_NUM=1 and value='כוכב נולד' and m.group_id in (77,76,1))  )  and ( m.MEDIA_TYPE_ID=@P1 )  order by m. desc(77,117)'
 Exception accured: Incorrect syntax near the keyword 'from'.
Incorrect syntax near ')'.
7/29/2009 3:21:59 PM , THREAD-4500, connection_string : Server=msd169.1host.co.il;Database=tvinci;Uid=production;Pwd=lF6CZU9HIOIAGuzj;Trusted_Connection=False;Min Pool Size=5;Max Pool Size=200
7/29/2009 3:22:19 PM , THREAD-4500, ODBCWrapper.DataSetSelectQuery : While running : ' select distinct  m.id  ,m.  from media m (nolock)  ,media_tags mt (nolock)  where m.start_date<getdate() and (m.end_date is null or m.end_date>getdate()) and m.status=1 and m.is_active=1 and ( m.group_id=@P0 )  and mt.status=1 and  mt.tag_id in (34568)   and mt.MEDIA_ID=m.id   and ( m.id in (select media_id from media_values (nolock) where status=1 and MEDIA_TEXT_TYPE_ID=5 and MEDIA_TEXT_TYPE_NUM=1 and value='כוכב נולד' and m.group_id in (77,76,1))  )  and ( m.MEDIA_TYPE_ID=@P1 )  order by m. desc(77,117)'
 Exception accured: Incorrect syntax near the keyword 'from'.
Incorrect syntax near ')'.