
7/19/2009 7:47:37 AM , THREAD-9008, upload pic to: 204.246.235.210 with un: tvmuser, pass: gaush : start
7/19/2009 7:47:37 AM , THREAD-8616, upload pic to: 204.246.235.210 with un: tvmuser, pass: gaush : start
7/19/2009 7:47:37 AM , THREAD-8788, upload pic to: 204.246.235.210 with un: tvmuser, pass: gaush : start
7/19/2009 7:47:37 AM , THREAD-9452, upload pic to: 204.246.235.210 with un: tvmuser, pass: gaush : start
7/19/2009 7:47:37 AM , THREAD-9036, upload pic to: 204.246.235.210 with un: tvmuser, pass: gaush : start
7/19/2009 7:47:37 AM , THREAD-9072, upload pic to: 204.246.235.210 with un: tvmuser, pass: gaush : start
7/19/2009 7:47:37 AM , THREAD-9416, upload pic to: 204.246.235.210 with un: tvmuser, pass: gaush : start
7/19/2009 7:47:37 AM , THREAD-8660, upload pic to: 204.246.235.210 with un: tvmuser, pass: gaush : start
7/19/2009 7:47:37 AM , THREAD-9084, upload pic to: 204.246.235.210 with un: tvmuser, pass: gaush : start
7/19/2009 7:47:37 AM , THREAD-8520, upload pic to: 204.246.235.210 with un: tvmuser, pass: gaush : start
7/19/2009 7:47:37 AM , THREAD-9068, upload pic to: 204.246.235.210 with un: tvmuser, pass: gaush : start
7/19/2009 7:47:37 AM , THREAD-8984, upload pic to: 204.246.235.210 with un: tvmuser, pass: gaush : start
7/19/2009 7:47:58 AM , THREAD-4220, Notifier : SendXMLHttpReq exception:The remote server returned an error: (404) Not Found. to: http://www.tvinci.com/xml/tin.aspx contnet: <tvm><importer><media co_guid="1" status="FAILED" message="Item type not recongnized | meta :Mood - no main language value | meta :Mood - no main language value | meta :Project Name - no main language value | meta :Project Name - no main language value | meta :Genre - no main language value" tvm_id="60395"/><channel tvm_id="5"><entry co_guid="epg_11111" status="OK" message="" tvm_entry_id="0"/><entry co_guid="epg_11112" status="OK" message="" tvm_entry_id="0"/></channel>
7/19/2009 7:48:20 AM , THREAD-9008, Upload pic : exceptionThe underlying connection was closed: An unexpected error occurred on a receive. ||    at System.Net.FtpWebRequest.SyncRequestCallback(Object obj)
   at System.Net.FtpWebRequest.RequestCallback(Object obj)
   at System.Net.CommandStream.InvokeRequestCallback(Object obj)
   at System.Net.CommandStream.Abort(Exception e)
   at System.Net.FtpWebRequest.FinishRequestStage(RequestStage stage)
   at System.Net.FtpWebRequest.GetRequestStream()
   at TVinciShared.FTPUploader.Upload() in C:\Development\Main\Projects\TVINCI\Libs\TVinciShared\FTPUploader.cs:line 77
7/19/2009 7:48:20 AM , THREAD-8616, Upload pic : exceptionThe underlying connection was closed: An unexpected error occurred on a receive. ||    at System.Net.FtpWebRequest.SyncRequestCallback(Object obj)
   at System.Net.FtpWebRequest.RequestCallback(Object obj)
   at System.Net.CommandStream.InvokeRequestCallback(Object obj)
   at System.Net.CommandStream.Abort(Exception e)
   at System.Net.FtpWebRequest.FinishRequestStage(RequestStage stage)
   at System.Net.FtpWebRequest.GetRequestStream()
   at TVinciShared.FTPUploader.Upload() in C:\Development\Main\Projects\TVINCI\Libs\TVinciShared\FTPUploader.cs:line 77
7/19/2009 7:48:20 AM , THREAD-8788, Upload pic : exceptionThe underlying connection was closed: An unexpected error occurred on a receive. ||    at System.Net.FtpWebRequest.SyncRequestCallback(Object obj)
   at System.Net.FtpWebRequest.RequestCallback(Object obj)
   at System.Net.CommandStream.InvokeRequestCallback(Object obj)
   at System.Net.CommandStream.Abort(Exception e)
   at System.Net.FtpWebRequest.FinishRequestStage(RequestStage stage)
   at System.Net.FtpWebRequest.GetRequestStream()
   at TVinciShared.FTPUploader.Upload() in C:\Development\Main\Projects\TVINCI\Libs\TVinciShared\FTPUploader.cs:line 77
7/19/2009 7:48:20 AM , THREAD-9036, Upload pic : exceptionThe underlying connection was closed: An unexpected error occurred on a receive. ||    at System.Net.FtpWebRequest.SyncRequestCallback(Object obj)
   at System.Net.FtpWebRequest.RequestCallback(Object obj)
   at System.Net.CommandStream.InvokeRequestCallback(Object obj)
   at System.Net.CommandStream.Abort(Exception e)
   at System.Net.FtpWebRequest.FinishRequestStage(RequestStage stage)
   at System.Net.FtpWebRequest.GetRequestStream()
   at TVinciShared.FTPUploader.Upload() in C:\Development\Main\Projects\TVINCI\Libs\TVinciShared\FTPUploader.cs:line 77
7/19/2009 7:48:20 AM , THREAD-9452, Upload pic : exceptionThe underlying connection was closed: An unexpected error occurred on a receive. ||    at System.Net.FtpWebRequest.SyncRequestCallback(Object obj)
   at System.Net.FtpWebRequest.RequestCallback(Object obj)
   at System.Net.CommandStream.InvokeRequestCallback(Object obj)
   at System.Net.CommandStream.Abort(Exception e)
   at System.Net.FtpWebRequest.FinishRequestStage(RequestStage stage)
   at System.Net.FtpWebRequest.GetRequestStream()
   at TVinciShared.FTPUploader.Upload() in C:\Development\Main\Projects\TVINCI\Libs\TVinciShared\FTPUploader.cs:line 77
7/19/2009 7:48:20 AM , THREAD-9084, Upload pic : exceptionThe underlying connection was closed: An unexpected error occurred on a receive. ||    at System.Net.FtpWebRequest.SyncRequestCallback(Object obj)
   at System.Net.FtpWebRequest.RequestCallback(Object obj)
   at System.Net.CommandStream.InvokeRequestCallback(Object obj)
   at System.Net.CommandStream.Abort(Exception e)
   at System.Net.FtpWebRequest.FinishRequestStage(RequestStage stage)
   at System.Net.FtpWebRequest.GetRequestStream()
   at TVinciShared.FTPUploader.Upload() in C:\Development\Main\Projects\TVINCI\Libs\TVinciShared\FTPUploader.cs:line 77
7/19/2009 7:48:20 AM , THREAD-9416, Upload pic : exceptionThe underlying connection was closed: An unexpected error occurred on a receive. ||    at System.Net.FtpWebRequest.SyncRequestCallback(Object obj)
   at System.Net.FtpWebRequest.RequestCallback(Object obj)
   at System.Net.CommandStream.InvokeRequestCallback(Object obj)
   at System.Net.CommandStream.Abort(Exception e)
   at System.Net.FtpWebRequest.FinishRequestStage(RequestStage stage)
   at System.Net.FtpWebRequest.GetRequestStream()
   at TVinciShared.FTPUploader.Upload() in C:\Development\Main\Projects\TVINCI\Libs\TVinciShared\FTPUploader.cs:line 77
7/19/2009 7:48:20 AM , THREAD-9072, Upload pic : exceptionThe underlying connection was closed: An unexpected error occurred on a receive. ||    at System.Net.FtpWebRequest.SyncRequestCallback(Object obj)
   at System.Net.FtpWebRequest.RequestCallback(Object obj)
   at System.Net.CommandStream.InvokeRequestCallback(Object obj)
   at System.Net.CommandStream.Abort(Exception e)
   at System.Net.FtpWebRequest.FinishRequestStage(RequestStage stage)
   at System.Net.FtpWebRequest.GetRequestStream()
   at TVinciShared.FTPUploader.Upload() in C:\Development\Main\Projects\TVINCI\Libs\TVinciShared\FTPUploader.cs:line 77
7/19/2009 7:48:20 AM , THREAD-8520, Upload pic : exceptionThe underlying connection was closed: An unexpected error occurred on a receive. ||    at System.Net.FtpWebRequest.SyncRequestCallback(Object obj)
   at System.Net.FtpWebRequest.RequestCallback(Object obj)
   at System.Net.CommandStream.InvokeRequestCallback(Object obj)
   at System.Net.CommandStream.Abort(Exception e)
   at System.Net.FtpWebRequest.FinishRequestStage(RequestStage stage)
   at System.Net.FtpWebRequest.GetRequestStream()
   at TVinciShared.FTPUploader.Upload() in C:\Development\Main\Projects\TVINCI\Libs\TVinciShared\FTPUploader.cs:line 77
7/19/2009 7:48:20 AM , THREAD-9068, Upload pic : exceptionThe underlying connection was closed: An unexpected error occurred on a receive. ||    at System.Net.FtpWebRequest.SyncRequestCallback(Object obj)
   at System.Net.FtpWebRequest.RequestCallback(Object obj)
   at System.Net.CommandStream.InvokeRequestCallback(Object obj)
   at System.Net.CommandStream.Abort(Exception e)
   at System.Net.FtpWebRequest.FinishRequestStage(RequestStage stage)
   at System.Net.FtpWebRequest.GetRequestStream()
   at TVinciShared.FTPUploader.Upload() in C:\Development\Main\Projects\TVINCI\Libs\TVinciShared\FTPUploader.cs:line 77
7/19/2009 7:48:20 AM , THREAD-8984, Upload pic : exceptionThe underlying connection was closed: An unexpected error occurred on a receive. ||    at System.Net.FtpWebRequest.SyncRequestCallback(Object obj)
   at System.Net.FtpWebRequest.RequestCallback(Object obj)
   at System.Net.CommandStream.InvokeRequestCallback(Object obj)
   at System.Net.CommandStream.Abort(Exception e)
   at System.Net.FtpWebRequest.FinishRequestStage(RequestStage stage)
   at System.Net.FtpWebRequest.GetRequestStream()
   at TVinciShared.FTPUploader.Upload() in C:\Development\Main\Projects\TVINCI\Libs\TVinciShared\FTPUploader.cs:line 77
7/19/2009 7:48:20 AM , THREAD-8660, Upload pic : exceptionThe underlying connection was closed: An unexpected error occurred on a receive. ||    at System.Net.FtpWebRequest.SyncRequestCallback(Object obj)
   at System.Net.FtpWebRequest.RequestCallback(Object obj)
   at System.Net.CommandStream.InvokeRequestCallback(Object obj)
   at System.Net.CommandStream.Abort(Exception e)
   at System.Net.FtpWebRequest.FinishRequestStage(RequestStage stage)
   at System.Net.FtpWebRequest.GetRequestStream()
   at TVinciShared.FTPUploader.Upload() in C:\Development\Main\Projects\TVINCI\Libs\TVinciShared\FTPUploader.cs:line 77
7/19/2009 8:22:53 AM , THREAD-7216, Notifier : SendXMLHttpReq exception:The remote server returned an error: (404) Not Found. to: http://www.tvinci.com/xml/tin.aspx contnet: <tvm><importer><media co_guid="1" status="FAILED" message="Item type not recongnized | meta :Mood - no main language value | meta :Mood - no main language value | meta :Project Name - no main language value | meta :Project Name - no main language value | meta :Genre - no main language value" tvm_id="60395"/><channel tvm_id="5"><entry co_guid="epg_11111" status="OK" message="" tvm_entry_id="0"/><entry co_guid="epg_11112" status="OK" message="" tvm_entry_id="0"/></channel>